-------------------------------------------------------------------------------
Test set: test.java.NewTest
-------------------------------------------------------------------------------
Tests run: 5, Failures: 1, Errors: 0, Skipped: 0, Time elapsed: 373.553 sec <<< FAILURE!
testControl(test.java.NewTest)  Time elapsed: 143.375 sec  <<< FAILURE!
java.lang.AssertionError: null
	at org.testng.Assert.fail(Assert.java:94)
	at org.testng.Assert.fail(Assert.java:101)
	at tests.Control.armDisarm(Control.java:129)
	at tests.Control.execute(Control.java:52)
	at test.java.NewTest.testControl(NewTest.java:263)

