-------------------------------------------------------------------------------
Test set: test.java.CloudTest.NewTest
-------------------------------------------------------------------------------
Tests run: 5, Failures: 1, Errors: 0, Skipped: 0, Time elapsed: 257.022 sec <<< FAILURE!
testDeleteDevice(test.java.CloudTest.NewTest)  Time elapsed: 3.806 sec  <<< FAILURE!
java.lang.AssertionError: null
	at org.testng.Assert.fail(Assert.java:94)
	at org.testng.Assert.fail(Assert.java:101)
	at test.java.CloudTest.NewTest.testDeleteDevice(NewTest.java:210)

