-------------------------------------------------------------------------------
Test set: test.java.NewTest
-------------------------------------------------------------------------------
Tests run: 1, Failures: 1, Errors: 0, Skipped: 0, Time elapsed: 23.511 sec <<< FAILURE!
testAddDevice(test.java.NewTest)  Time elapsed: 12.952 sec  <<< FAILURE!
java.lang.AssertionError: null
	at org.testng.Assert.fail(Assert.java:94)
	at org.testng.Assert.fail(Assert.java:101)
	at test.java.NewTest.testDeleteDevice(NewTest.java:229)
	at test.java.NewTest.testAddDevice(NewTest.java:193)

